[INFO] 2024-11-23T03:36:02.190Z - Server running at http://localhost:3000
[INFO] 2024-11-23T03:36:27.263Z - Server running at http://localhost:3000
[INFO] 2024-11-23T03:36:42.796Z - Processing gamemode: samp037_svr_R2-2-1_win32
{
  "zipPath": "C:\\Users\\zTrax\\Desktop\\pawnwebcompiler\\dist\\uploads\\samp037_svr_R2-2-1_win32-1732333002634.zip",
  "outputDir": "C:\\Users\\zTrax\\Desktop\\pawnwebcompiler\\dist\\uploads\\samp037_svr_R2-2-1_win32-1732333002795",
  "compiledPath": "C:\\Users\\zTrax\\Desktop\\pawnwebcompiler\\dist\\output\\samp037_svr_R2-2-1_win32.amx"
}
[INFO] 2024-11-23T03:36:44.439Z - File unzipped successfully to C:\Users\zTrax\Desktop\pawnwebcompiler\dist\uploads\samp037_svr_R2-2-1_win32-1732333002795
[ERROR] 2024-11-23T03:36:44.453Z - Error in compileGamemode: pawno directory not found
{
  "statusCode": 400,
  "stack": "Error: pawno directory not found\n    at CompilerService.createError (C:\\Users\\zTrax\\Desktop\\pawnwebcompiler\\dist\\services\\compiler.service.js:130:23)\n    at CompilerService.compileGamemode (C:\\Users\\zTrax\\Desktop\\pawnwebcompiler\\dist\\services\\compiler.service.js:82:28)\n    at async compileHandler (C:\\Users\\zTrax\\Desktop\\pawnwebcompiler\\dist\\controllers\\compiler.controller.js:37:9)"
}
[ERROR] 2024-11-23T03:36:44.462Z - Error in compile handler: pawno directory not found
{
  "statusCode": 400,
  "stack": "Error: pawno directory not found\n    at CompilerService.createError (C:\\Users\\zTrax\\Desktop\\pawnwebcompiler\\dist\\services\\compiler.service.js:130:23)\n    at CompilerService.compileGamemode (C:\\Users\\zTrax\\Desktop\\pawnwebcompiler\\dist\\services\\compiler.service.js:82:28)\n    at async compileHandler (C:\\Users\\zTrax\\Desktop\\pawnwebcompiler\\dist\\controllers\\compiler.controller.js:37:9)"
}
undefined
undefined
undefined
undefined
undefined
undefined
undefined
undefined
undefined
undefined
undefined
undefined
undefined
undefined
undefined
